This is pdfTeX, Version 3.14159265-2.6-1.40.20 (MiKTeX 2.9.7250 64-bit) (preloaded format=pdflatex 2020.8.26)  29 SEP 2021 09:47
entering extended mode
**./hl.tex
(hl.tex
LaTeX2e <2020-02-02> patch level 5
L3 programming layer <2020-08-07> (interact.cls
Document Class: interact 2016/10/17 v1.03 Interact LaTeX document class
(C:\Users\nw19521\AppData\Local\Programs\MiKTeX\tex/latex\base\article.cls
Document Class: article 2019/12/20 v1.4l Standard LaTeX document class
(C:\Users\nw19521\AppData\Local\Programs\MiKTeX\tex/latex\base\size11.clo
File: size11.clo 2019/12/20 v1.4l Standard LaTeX file (size option)
)
\c@part=\count168
\c@section=\count169
\c@subsection=\count170
\c@subsubsection=\count171
\c@paragraph=\count172
\c@subparagraph=\count173
\c@figure=\count174
\c@table=\count175
\abovecaptionskip=\skip47
\belowcaptionskip=\skip48
\bibindent=\dimen134
) (C:\Users\nw19521\AppData\Local\Programs\MiKTeX\tex/latex\amsmath\amsmath.sty
Package: amsmath 2020/01/20 v2.17e AMS math features
\@mathmargin=\skip49
For additional information on amsmath, use the `?' option.
(C:\Users\nw19521\AppData\Local\Programs\MiKTeX\tex/latex\amsmath\amstext.sty
Package: amstext 2000/06/29 v2.01 AMS text
(C:\Users\nw19521\AppData\Local\Programs\MiKTeX\tex/latex\amsmath\amsgen.sty
File: amsgen.sty 1999/11/30 v2.0 generic functions
\@emptytoks=\toks15
\ex@=\dimen135
)) (C:\Users\nw19521\AppData\Local\Programs\MiKTeX\tex/latex\amsmath\amsbsy.sty
Package: amsbsy 1999/11/29 v1.2d Bold Symbols
\pmbraise@=\dimen136
) (C:\Users\nw19521\AppData\Local\Programs\MiKTeX\tex/latex\amsmath\amsopn.sty
Package: amsopn 2016/03/08 v2.02 operator names
)
\inf@bad=\count176
LaTeX Info: Redefining \frac on input line 227.
\uproot@=\count177
\leftroot@=\count178
LaTeX Info: Redefining \overline on input line 389.
\classnum@=\count179
\DOTSCASE@=\count180
LaTeX Info: Redefining \ldots on input line 486.
LaTeX Info: Redefining \dots on input line 489.
LaTeX Info: Redefining \cdots on input line 610.
\Mathstrutbox@=\box45
\strutbox@=\box46
\big@size=\dimen137
LaTeX Font Info:    Redeclaring font encoding OML on input line 733.
LaTeX Font Info:    Redeclaring font encoding OMS on input line 734.
\macc@depth=\count181
\c@MaxMatrixCols=\count182
\dotsspace@=\muskip16
\c@parentequation=\count183
\dspbrk@lvl=\count184
\tag@help=\toks16
\row@=\count185
\column@=\count186
\maxfields@=\count187
\andhelp@=\toks17
\eqnshift@=\dimen138
\alignsep@=\dimen139
\tagshift@=\dimen140
\tagwidth@=\dimen141
\totwidth@=\dimen142
\lineht@=\dimen143
\@envbody=\toks18
\multlinegap=\skip50
\multlinetaggap=\skip51
\mathdisplay@stack=\toks19
LaTeX Info: Redefining \[ on input line 2859.
LaTeX Info: Redefining \] on input line 2860.
) (C:\Users\nw19521\AppData\Local\Programs\MiKTeX\tex/latex\amsfonts\amssymb.st
y
Package: amssymb 2013/01/14 v3.01 AMS font symbols

(C:\Users\nw19521\AppData\Local\Programs\MiKTeX\tex/latex\amsfonts\amsfonts.sty
Package: amsfonts 2013/01/14 v3.01 Basic AMSFonts support
\symAMSa=\mathgroup4
\symAMSb=\mathgroup5
LaTeX Font Info:    Redeclaring math symbol \hbar on input line 98.
LaTeX Font Info:    Overwriting math alphabet `\mathfrak' in version `bold'
(Font)                  U/euf/m/n --> U/euf/b/n on input line 106.
)) (C:\Users\nw19521\AppData\Local\Programs\MiKTeX\tex/latex\amscls\amsthm.sty
Package: amsthm 2020/05/29 v2.20.6
\thm@style=\toks20
\thm@bodyfont=\toks21
\thm@headfont=\toks22
\thm@notefont=\toks23
\thm@headpunct=\toks24
\thm@preskip=\skip52
\thm@postskip=\skip53
\thm@headsep=\skip54
\dth@everypar=\toks25
)
(C:\Users\nw19521\AppData\Local\Programs\MiKTeX\tex/latex\booktabs\booktabs.sty
Package: booktabs 2020/01/12 v1.61803398 Publication quality tables
\heavyrulewidth=\dimen144
\lightrulewidth=\dimen145
\cmidrulewidth=\dimen146
\belowrulesep=\dimen147
\belowbottomsep=\dimen148
\aboverulesep=\dimen149
\abovetopsep=\dimen150
\cmidrulesep=\dimen151
\cmidrulekern=\dimen152
\defaultaddspace=\dimen153
\@cmidla=\count188
\@cmidlb=\count189
\@aboverulesep=\dimen154
\@belowrulesep=\dimen155
\@thisruleclass=\count190
\@lastruleclass=\count191
\@thisrulewidth=\dimen156
) (C:\Users\nw19521\AppData\Local\Programs\MiKTeX\tex/latex\graphics\epsfig.sty
Package: epsfig 2017/06/25 v1.7b (e)psfig emulation (SPQR)

(C:\Users\nw19521\AppData\Local\Programs\MiKTeX\tex/latex\graphics\graphicx.sty
Package: graphicx 2019/11/30 v1.2a Enhanced LaTeX Graphics (DPC,SPQR)
(C:\Users\nw19521\AppData\Local\Programs\MiKTeX\tex/latex\graphics\keyval.sty
Package: keyval 2014/10/28 v1.15 key=value parser (DPC)
\KV@toks@=\toks26
)
(C:\Users\nw19521\AppData\Local\Programs\MiKTeX\tex/latex\graphics\graphics.sty
Package: graphics 2019/11/30 v1.4a Standard LaTeX Graphics (DPC,SPQR)
(C:\Users\nw19521\AppData\Local\Programs\MiKTeX\tex/latex\graphics\trig.sty
Package: trig 2016/01/03 v1.10 sin cos tan (DPC)
)
(C:\Users\nw19521\AppData\Local\Programs\MiKTeX\tex/latex\graphics-cfg\graphics
.cfg
File: graphics.cfg 2016/06/04 v1.11 sample graphics configuration
)
Package graphics Info: Driver file: pdftex.def on input line 105.

(C:\Users\nw19521\AppData\Local\Programs\MiKTeX\tex/latex\graphics-def\pdftex.d
ef
File: pdftex.def 2018/01/08 v1.0l Graphics/color driver for pdftex
))
\Gin@req@height=\dimen157
\Gin@req@width=\dimen158
)
\epsfxsize=\dimen159
\epsfysize=\dimen160
)
(C:\Users\nw19521\AppData\Local\Programs\MiKTeX\tex/latex\graphics\rotating.sty
Package: rotating 2016/08/11 v2.16d rotated objects in LaTeX
(C:\Users\nw19521\AppData\Local\Programs\MiKTeX\tex/latex\base\ifthen.sty
Package: ifthen 2014/09/29 v1.1c Standard LaTeX ifthen package (DPC)
)
\c@r@tfl@t=\count192
\rotFPtop=\skip55
\rotFPbot=\skip56
\rot@float@box=\box47
\rot@mess@toks=\toks27
)
(C:\Users\nw19521\AppData\Local\Programs\MiKTeX\tex/latex\geometry\geometry.sty
Package: geometry 2020/01/02 v5.9 Page Geometry
(C:\Users\nw19521\AppData\Local\Programs\MiKTeX\tex/generic\iftex\ifvtex.sty
Package: ifvtex 2019/10/25 v1.7 ifvtex legacy package. Use iftex instead.
(C:\Users\nw19521\AppData\Local\Programs\MiKTeX\tex/generic\iftex\iftex.sty
Package: iftex 2020/03/06 v1.0d TeX engine tests
))
\Gm@cnth=\count193
\Gm@cntv=\count194
\c@Gm@tempcnt=\count195
\Gm@bindingoffset=\dimen161
\Gm@wd@mp=\dimen162
\Gm@odd@mp=\dimen163
\Gm@even@mp=\dimen164
\Gm@layoutwidth=\dimen165
\Gm@layoutheight=\dimen166
\Gm@layouthoffset=\dimen167
\Gm@layoutvoffset=\dimen168
\Gm@dimlist=\toks28

(C:\Users\nw19521\AppData\Local\Programs\MiKTeX\tex/latex\geometry\geometry.cfg
))
\c@mv@upright=\count196
\c@mv@boldupright=\count197
LaTeX Font Info:    Overwriting symbol font `letters' in version `upright'
(Font)                  OML/cmm/m/it --> OML/eur/m/n on input line 163.
LaTeX Font Info:    Overwriting symbol font `letters' in version `boldupright'
(Font)                  OML/cmm/m/it --> OML/eur/b/n on input line 164.
\figheight=\dimen169
\figwidth=\dimen170
\tabledim=\dimen171
\LabelSep=\dimen172
\TopSep=\skip57
)
(C:\Users\nw19521\AppData\Local\Programs\MiKTeX\tex/latex\epstopdf-pkg\epstopdf
.sty
Package: epstopdf 2020-01-24 v2.11 Conversion with epstopdf on the fly (HO)

(C:\Users\nw19521\AppData\Local\Programs\MiKTeX\tex/generic\infwarerr\infwarerr
.sty
Package: infwarerr 2019/12/03 v1.5 Providing info/warning/error messages (HO)
) (C:\Users\nw19521\AppData\Local\Programs\MiKTeX\tex/latex\grfext\grfext.sty
Package: grfext 2019/12/03 v1.3 Manage graphics extensions (HO)

(C:\Users\nw19521\AppData\Local\Programs\MiKTeX\tex/generic\kvdefinekeys\kvdefi
nekeys.sty
Package: kvdefinekeys 2019-12-19 v1.6 Define keys (HO)
))
(C:\Users\nw19521\AppData\Local\Programs\MiKTeX\tex/latex\kvoptions\kvoptions.s
ty
Package: kvoptions 2019/11/29 v3.13 Key value format for package options (HO)

(C:\Users\nw19521\AppData\Local\Programs\MiKTeX\tex/generic\ltxcmds\ltxcmds.sty
Package: ltxcmds 2020-05-10 v1.25 LaTeX kernel commands for general use (HO)
)
(C:\Users\nw19521\AppData\Local\Programs\MiKTeX\tex/generic\kvsetkeys\kvsetkeys
.sty
Package: kvsetkeys 2019/12/15 v1.18 Key value parser (HO)
))
(C:\Users\nw19521\AppData\Local\Programs\MiKTeX\tex/generic\pdftexcmds\pdftexcm
ds.sty
Package: pdftexcmds 2020-06-27 v0.33 Utility functions of pdfTeX for LuaTeX (HO
)
Package pdftexcmds Info: \pdf@primitive is available.
Package pdftexcmds Info: \pdf@ifprimitive is available.
Package pdftexcmds Info: \pdfdraftmode found.
)
(C:\Users\nw19521\AppData\Local\Programs\MiKTeX\tex/latex\epstopdf-pkg\epstopdf
-base.sty
Package: epstopdf-base 2020-01-24 v2.11 Base part for package epstopdf
Package epstopdf-base Info: Redefining graphics rule for `.eps' on input line 4
85.
Package grfext Info: Graphics extension search list:
(grfext)             [.pdf,.png,.jpg,.mps,.jpeg,.jbig2,.jb2,.PDF,.PNG,.JPG,.JPE
G,.JBIG2,.JB2,.eps]
(grfext)             \AppendGraphicsExtensions on input line 504.
))
(C:\Users\nw19521\AppData\Local\Programs\MiKTeX\tex/latex\subfigure\subfigure.s
ty
Package: subfigure 2002/07/30 v2.1.4 subfigure package
\subfigtopskip=\skip58
\subfigcapskip=\skip59
\subfigcaptopadj=\dimen173
\subfigbottomskip=\skip60
\subfigcapmargin=\dimen174
\subfiglabelskip=\skip61
\c@subfigure=\count198
\c@lofdepth=\count199
\c@subtable=\count266
\c@lotdepth=\count267
****************************************
* Local config file subfigure.cfg used *
****************************************

(C:\Users\nw19521\AppData\Local\Programs\MiKTeX\tex/latex\subfigure\subfigure.c
fg)
\subfig@top=\skip62
\subfig@bottom=\skip63
) (C:\Users\nw19521\AppData\Local\Programs\MiKTeX\tex/latex\natbib\natbib.sty
Package: natbib 2010/09/13 8.31b (PWD, AO)
\bibhang=\skip64
\bibsep=\skip65
LaTeX Info: Redefining \cite on input line 694.
\c@NAT@ctr=\count268
)
\c@theorem=\count269
\c@remark=\count270
\c@notation=\count271

(C:\Users\nw19521\AppData\Local\Programs\MiKTeX\tex/latex\hyperref\hyperref.sty
Package: hyperref 2020-05-15 v7.00e Hypertext links for LaTeX

(C:\Users\nw19521\AppData\Local\Programs\MiKTeX\tex/generic\pdfescape\pdfescape
.sty
Package: pdfescape 2019/12/09 v1.15 Implements pdfTeX's escape features (HO)
) (C:\Users\nw19521\AppData\Local\Programs\MiKTeX\tex/latex\hycolor\hycolor.sty
Package: hycolor 2020-01-27 v1.10 Color options for hyperref/bookmark (HO)
)
(C:\Users\nw19521\AppData\Local\Programs\MiKTeX\tex/latex\letltxmacro\letltxmac
ro.sty
Package: letltxmacro 2019/12/03 v1.6 Let assignment for LaTeX macros (HO)
) (C:\Users\nw19521\AppData\Local\Programs\MiKTeX\tex/latex\auxhook\auxhook.sty
Package: auxhook 2019-12-17 v1.6 Hooks for auxiliary files (HO)
)
\@linkdim=\dimen175
\Hy@linkcounter=\count272
\Hy@pagecounter=\count273
(C:\Users\nw19521\AppData\Local\Programs\MiKTeX\tex/latex\hyperref\pd1enc.def
File: pd1enc.def 2020-05-15 v7.00e Hyperref: PDFDocEncoding definition (HO)
Now handling font encoding PD1 ...
... no UTF-8 mapping file for font encoding PD1
)
(C:\Users\nw19521\AppData\Local\Programs\MiKTeX\tex/generic\intcalc\intcalc.sty
Package: intcalc 2019/12/15 v1.3 Expandable calculations with integers (HO)
)
(C:\Users\nw19521\AppData\Local\Programs\MiKTeX\tex/generic\etexcmds\etexcmds.s
ty
Package: etexcmds 2019/12/15 v1.7 Avoid name clashes with e-TeX commands (HO)
)
\Hy@SavedSpaceFactor=\count274
\pdfmajorversion=\count275
("C:\Program Files\MiKTeX 2.9\tex/latex/00miktex\hyperref.cfg"
File: hyperref.cfg 2002/06/06 v1.2 hyperref configuration of TeXLive
)
Package hyperref Info: Hyper figures OFF on input line 4464.
Package hyperref Info: Link nesting OFF on input line 4469.
Package hyperref Info: Hyper index ON on input line 4472.
Package hyperref Info: Plain pages OFF on input line 4479.
Package hyperref Info: Backreferencing OFF on input line 4484.
Package hyperref Info: Implicit mode ON; LaTeX internals redefined.
Package hyperref Info: Bookmarks ON on input line 4717.
\c@Hy@tempcnt=\count276
(C:\Users\nw19521\AppData\Local\Programs\MiKTeX\tex/latex\url\url.sty
\Urlmuskip=\muskip17
Package: url 2013/09/16  ver 3.4  Verb mode for urls, etc.
)
LaTeX Info: Redefining \url on input line 5076.
\XeTeXLinkMargin=\dimen176
(C:\Users\nw19521\AppData\Local\Programs\MiKTeX\tex/generic\bitset\bitset.sty
Package: bitset 2019/12/09 v1.3 Handle bit-vector datatype (HO)

(C:\Users\nw19521\AppData\Local\Programs\MiKTeX\tex/generic\bigintcalc\bigintca
lc.sty
Package: bigintcalc 2019/12/15 v1.5 Expandable calculations on big integers (HO
)
))
\Fld@menulength=\count277
\Field@Width=\dimen177
\Fld@charsize=\dimen178
Package hyperref Info: Hyper figures OFF on input line 6347.
Package hyperref Info: Link nesting OFF on input line 6352.
Package hyperref Info: Hyper index ON on input line 6355.
Package hyperref Info: backreferencing OFF on input line 6362.
Package hyperref Info: Link coloring OFF on input line 6367.
Package hyperref Info: Link coloring with OCG OFF on input line 6372.
Package hyperref Info: PDF/A mode OFF on input line 6377.
LaTeX Info: Redefining \ref on input line 6417.
LaTeX Info: Redefining \pageref on input line 6421.

(C:\Users\nw19521\AppData\Local\Programs\MiKTeX\tex/generic\atbegshi\atbegshi.s
ty
Package: atbegshi 2019/12/05 v1.19 At begin shipout hook (HO)
)
\Hy@abspage=\count278
\c@Item=\count279
\c@Hfootnote=\count280
)
Package hyperref Info: Driver (autodetected): hpdftex.
(C:\Users\nw19521\AppData\Local\Programs\MiKTeX\tex/latex\hyperref\hpdftex.def
File: hpdftex.def 2020-05-15 v7.00e Hyperref driver for pdfTeX

(C:\Users\nw19521\AppData\Local\Programs\MiKTeX\tex/latex\atveryend\atveryend.s
ty
Package: atveryend 2019-12-11 v1.11 Hooks at the very end of document (HO)
Package atveryend Info: \enddocument detected (standard20110627).
)
\Fld@listcount=\count281
\c@bookmark@seq@number=\count282

(C:\Users\nw19521\AppData\Local\Programs\MiKTeX\tex/latex\rerunfilecheck\rerunf
ilecheck.sty
Package: rerunfilecheck 2019/12/05 v1.9 Rerun checks for auxiliary files (HO)

(C:\Users\nw19521\AppData\Local\Programs\MiKTeX\tex/generic\uniquecounter\uniqu
ecounter.sty
Package: uniquecounter 2019/12/15 v1.4 Provide unlimited unique counter (HO)
)
Package uniquecounter Info: New unique counter `rerunfilecheck' on input line 2
86.
)
\Hy@SectionHShift=\skip66
) (C:\Users\nw19521\AppData\Local\Programs\MiKTeX\tex/latex\base\inputenc.sty
Package: inputenc 2018/08/11 v1.3c Input encoding file
\inpenc@prehook=\toks29
\inpenc@posthook=\toks30
) (C:\Users\nw19521\AppData\Local\Programs\MiKTeX\tex/latex\tools\dcolumn.sty
Package: dcolumn 2014/10/28 v1.06 decimal alignment package (DPC)
(C:\Users\nw19521\AppData\Local\Programs\MiKTeX\tex/latex\tools\array.sty
Package: array 2019/08/31 v2.4l Tabular extension package (FMi)
\col@sep=\dimen179
\ar@mcellbox=\box48
\extrarowheight=\dimen180
\NC@list=\toks31
\extratabsurround=\skip67
\backup@length=\skip68
\ar@cellbox=\box49
)) (C:\Users\nw19521\AppData\Local\Programs\MiKTeX\tex/latex\tools\longtable.st
y
Package: longtable 2020/01/07 v4.13 Multi-page Table package (DPC)
\LTleft=\skip69
\LTright=\skip70
\LTpre=\skip71
\LTpost=\skip72
\LTchunksize=\count283
\LTcapwidth=\dimen181
\LT@head=\box50
\LT@firsthead=\box51
\LT@foot=\box52
\LT@lastfoot=\box53
\LT@cols=\count284
\LT@rows=\count285
\c@LT@tables=\count286
\c@LT@chunks=\count287
\LT@p@ftn=\toks32
)
(C:\Users\nw19521\AppData\Local\Programs\MiKTeX\tex/latex\multirow\multirow.sty
Package: multirow 2019/05/31 v2.5 Span multiple rows of a table
\multirow@colwidth=\skip73
\multirow@cntb=\count288
\multirow@dima=\skip74
\bigstrutjot=\dimen182
) (C:\Users\nw19521\AppData\Local\Programs\MiKTeX\tex/latex\wrapfig\wrapfig.sty
\wrapoverhang=\dimen183
\WF@size=\dimen184
\c@WF@wrappedlines=\count289
\WF@box=\box54
\WF@everypar=\toks33
Package: wrapfig 2003/01/31  v 3.6
) (C:\Users\nw19521\AppData\Local\Programs\MiKTeX\tex/latex\float\float.sty
Package: float 2001/11/08 v1.3d Float enhancements (AL)
\c@float@type=\count290
\float@exts=\toks34
\float@box=\box55
\@float@everytoks=\toks35
\@floatcapt=\box56
)
(C:\Users\nw19521\AppData\Local\Programs\MiKTeX\tex/latex\colortbl\colortbl.sty
Package: colortbl 2020/01/04 v1.0e Color table columns (DPC)
(C:\Users\nw19521\AppData\Local\Programs\MiKTeX\tex/latex\graphics\color.sty
Package: color 2019/11/23 v1.2a Standard LaTeX Color (DPC)

(C:\Users\nw19521\AppData\Local\Programs\MiKTeX\tex/latex\graphics-cfg\color.cf
g
File: color.cfg 2016/01/02 v1.6 sample color configuration
)
Package color Info: Driver file: pdftex.def on input line 147.
)
\everycr=\toks36
\minrowclearance=\skip75
)
(C:\Users\nw19521\AppData\Local\Programs\MiKTeX\tex/latex\pdflscape\pdflscape.s
ty
Package: pdflscape 2019/12/05 v0.12 Display of landscape pages in PDF (HO)
(C:\Users\nw19521\AppData\Local\Programs\MiKTeX\tex/latex\graphics\lscape.sty
Package: lscape 2000/10/22 v3.01 Landscape Pages (DPC)
)
Package pdflscape Info: Auto-detected driver: pdftex on input line 81.
) (C:\Users\nw19521\AppData\Local\Programs\MiKTeX\tex/latex\tabu\tabu.sty
Package: tabu 2019/01/11 v2.9 - flexible LaTeX tabulars (FC+tabu-fixed)

(C:\Users\nw19521\AppData\Local\Programs\MiKTeX\tex/latex\varwidth\varwidth.sty
Package: varwidth 2009/03/30 ver 0.92;  Variable-width minipages
\@vwid@box=\box57
\sift@deathcycles=\count291
\@vwid@loff=\dimen185
\@vwid@roff=\dimen186
)
\c@taburow=\count292
\tabu@nbcols=\count293
\tabu@cnt=\count294
\tabu@Xcol=\count295
\tabu@alloc=\count296
\tabu@nested=\count297
\tabu@target=\dimen187
\tabu@spreadtarget=\dimen188
\tabu@naturalX=\dimen189
\tabucolX=\dimen190
\tabu@Xsum=\dimen191
\extrarowdepth=\dimen192
\abovetabulinesep=\dimen193
\belowtabulinesep=\dimen194
\tabustrutrule=\dimen195
\tabu@thebody=\toks37
\tabu@footnotes=\toks38
\tabu@box=\box58
\tabu@arstrutbox=\box59
\tabu@hleads=\box60
\tabu@vleads=\box61
\tabu@cellskip=\skip76
)
(C:\Users\nw19521\AppData\Local\Programs\MiKTeX\tex/latex\threeparttable\threep
arttable.sty
Package: threeparttable 2003/06/13  v 3.0
\@tempboxb=\box62
)
(C:\Users\nw19521\AppData\Local\Programs\MiKTeX\tex/latex\threeparttablex\three
parttablex.sty
Package: threeparttablex 2013/07/23 v0.3 by daleif
(C:\Users\nw19521\AppData\Local\Programs\MiKTeX\tex/latex\environ\environ.sty
Package: environ 2014/05/04 v0.3 A new way to define environments

(C:\Users\nw19521\AppData\Local\Programs\MiKTeX\tex/latex\trimspaces\trimspaces
.sty
Package: trimspaces 2009/09/17 v1.1 Trim spaces around a token list
))
\TPTL@width=\skip77
) (C:\Users\nw19521\AppData\Local\Programs\MiKTeX\tex/latex\ulem\ulem.sty
\UL@box=\box63
\UL@hyphenbox=\box64
\UL@skip=\skip78
\UL@hook=\toks39
\UL@height=\dimen196
\UL@pe=\count298
\UL@pixel=\dimen197
\ULC@box=\box65
Package: ulem 2019/11/18
\ULdepth=\dimen198
)
(C:\Users\nw19521\AppData\Local\Programs\MiKTeX\tex/latex\makecell\makecell.sty
Package: makecell 2009/08/03 V0.1e Managing of Tab Column Heads and Cells
\rotheadsize=\dimen199
\c@nlinenum=\count299
\TeXr@lab=\toks40
) (C:\Users\nw19521\AppData\Local\Programs\MiKTeX\tex/latex\xcolor\xcolor.sty
Package: xcolor 2016/05/11 v2.12 LaTeX color extensions (UK)

(C:\Users\nw19521\AppData\Local\Programs\MiKTeX\tex/latex\graphics-cfg\color.cf
g
File: color.cfg 2016/01/02 v1.6 sample color configuration
)
Package xcolor Info: Driver file: pdftex.def on input line 225.
LaTeX Info: Redefining \color on input line 709.
Package xcolor Info: Model `cmy' substituted by `cmy0' on input line 1348.
Package xcolor Info: Model `hsb' substituted by `rgb' on input line 1352.
Package xcolor Info: Model `RGB' extended on input line 1364.
Package xcolor Info: Model `HTML' substituted by `rgb' on input line 1366.
Package xcolor Info: Model `Hsb' substituted by `hsb' on input line 1367.
Package xcolor Info: Model `tHsb' substituted by `hsb' on input line 1368.
Package xcolor Info: Model `HSB' substituted by `hsb' on input line 1369.
Package xcolor Info: Model `Gray' substituted by `gray' on input line 1370.
Package xcolor Info: Model `wave' substituted by `hsb' on input line 1371.
)
(C:\Users\nw19521\AppData\Local\Programs\MiKTeX\tex/latex\l3backend\l3backend-p
dfmode.def
File: l3backend-pdfmode.def 2020-08-07 L3 backend support: PDF mode
\l__kernel_color_stack_int=\count300
\l__pdf_internal_box=\box66
) (hl.aux

LaTeX Warning: Label `' multiply defined.


LaTeX Warning: Label `' multiply defined.


LaTeX Warning: Label `' multiply defined.

)
\openout1 = `hl.aux'.

LaTeX Font Info:    Checking defaults for OML/cmm/m/it on input line 51.
LaTeX Font Info:    ... okay on input line 51.
LaTeX Font Info:    Checking defaults for OMS/cmsy/m/n on input line 51.
LaTeX Font Info:    ... okay on input line 51.
LaTeX Font Info:    Checking defaults for OT1/cmr/m/n on input line 51.
LaTeX Font Info:    ... okay on input line 51.
LaTeX Font Info:    Checking defaults for T1/cmr/m/n on input line 51.
LaTeX Font Info:    ... okay on input line 51.
LaTeX Font Info:    Checking defaults for TS1/cmr/m/n on input line 51.
LaTeX Font Info:    ... okay on input line 51.
LaTeX Font Info:    Checking defaults for OMX/cmex/m/n on input line 51.
LaTeX Font Info:    ... okay on input line 51.
LaTeX Font Info:    Checking defaults for U/cmr/m/n on input line 51.
LaTeX Font Info:    ... okay on input line 51.
LaTeX Font Info:    Checking defaults for PD1/pdf/m/n on input line 51.
LaTeX Font Info:    ... okay on input line 51.

(C:\Users\nw19521\AppData\Local\Programs\MiKTeX\tex\context\base\mkii\supp-pdf.
mkii
[Loading MPS to PDF converter (version 2006.09.02).]
\scratchcounter=\count301
\scratchdimen=\dimen256
\scratchbox=\box67
\nofMPsegments=\count302
\nofMParguments=\count303
\everyMPshowfont=\toks41
\MPscratchCnt=\count304
\MPscratchDim=\dimen257
\MPnumerator=\count305
\makeMPintoPDFobject=\count306
\everyMPtoPDFconversion=\toks42
)
*geometry* driver: auto-detecting
*geometry* detected driver: pdftex
*geometry* verbose mode - [ preamble ] result:
* driver: pdftex
* paper: <default>
* layout: <same size as paper>
* layoutoffset:(h,v)=(0.0pt,0.0pt)
* modes: 
* h-part:(L,W,R)=(94.75394pt, 408.0pt, 94.75394pt)
* v-part:(T,H,B)=(78.01874pt, 650.0pt, 117.0281pt)
* \paperwidth=597.50787pt
* \paperheight=845.04684pt
* \textwidth=408.0pt
* \textheight=650.0pt
* \oddsidemargin=22.48395pt
* \evensidemargin=22.48395pt
* \topmargin=-31.25125pt
* \headheight=12.0pt
* \headsep=25.0pt
* \topskip=11.0pt
* \footskip=30.0pt
* \marginparwidth=50.0pt
* \marginparsep=10.0pt
* \columnsep=12.0pt
* \skip\footins=10.0pt plus 4.0pt minus 2.0pt
* \hoffset=0.0pt
* \voffset=0.0pt
* \mag=1000
* \@twocolumnfalse
* \@twosidefalse
* \@mparswitchfalse
* \@reversemarginfalse
* (1in=72.27pt=25.4mm, 1cm=28.453pt)

\AtBeginShipoutBox=\box68
Package hyperref Info: Link coloring OFF on input line 51.
(C:\Users\nw19521\AppData\Local\Programs\MiKTeX\tex/latex\hyperref\nameref.sty
Package: nameref 2019/09/16 v2.46 Cross-referencing by name of section

(C:\Users\nw19521\AppData\Local\Programs\MiKTeX\tex/latex\refcount\refcount.sty
Package: refcount 2019/12/15 v3.6 Data extraction from label references (HO)
)
(C:\Users\nw19521\AppData\Local\Programs\MiKTeX\tex/generic\gettitlestring\gett
itlestring.sty
Package: gettitlestring 2019/12/15 v1.6 Cleanup title references (HO)
)
\c@section@level=\count307
)
LaTeX Info: Redefining \ref on input line 51.
LaTeX Info: Redefining \pageref on input line 51.
LaTeX Info: Redefining \nameref on input line 51.
(hl.out) (hl.out)
\@outlinefile=\write3
\openout3 = `hl.out'.


LaTeX Font Warning: Font shape `OT1/cmr/m/n' in size <13> not available
(Font)              size <12> substituted on input line 73.


LaTeX Font Warning: Font shape `OT1/cmr/bx/n' in size <13> not available
(Font)              size <12> substituted on input line 73.

LaTeX Font Info:    Calculating math sizes for size <11> on input line 73.

LaTeX Font Warning: Font shape `OT1/cmr/m/n' in size <5.5> not available
(Font)              size <5> substituted on input line 73.


LaTeX Font Warning: Font shape `OML/cmm/m/it' in size <5.5> not available
(Font)              size <5> substituted on input line 73.


LaTeX Font Warning: Font shape `OMS/cmsy/m/n' in size <5.5> not available
(Font)              size <5> substituted on input line 73.

LaTeX Font Info:    Trying to load font information for U+msa on input line 73.

(C:\Users\nw19521\AppData\Local\Programs\MiKTeX\tex/latex\amsfonts\umsa.fd
File: umsa.fd 2013/01/14 v3.01 AMS symbols A
)
LaTeX Font Info:    Trying to load font information for U+msb on input line 73.

(C:\Users\nw19521\AppData\Local\Programs\MiKTeX\tex/latex\amsfonts\umsb.fd
File: umsb.fd 2013/01/14 v3.01 AMS symbols B
)
Underfull \hbox (badness 3219) in paragraph at lines 73--73
[][]\OT1/cmr/m/n/8 CONTACT Em-manouil Tra-nos. Email: []$\OT1/cmtt/m/n/8 e . tr
anos @ bristol . ac . uk$[]\OT1/cmr/m/n/8 , An-dre Car-ras-cal In-cera. Email:
 []

[1



{C:/Users/nw19521/AppData/Local/MiKTeX/2.9/pdftex/config/pdftex.map}] [2] [3] [
4] [5] [6]

LaTeX Font Warning: Font shape `OT1/cmr/m/it' in size <5.5> not available
(Font)              size <5> substituted on input line 486.


Overfull \vbox (1.57361pt too high) has occurred while \output is active []

[7]
Underfull \hbox (badness 1953) in paragraph at lines 575--575
[][][]\OT1/cmr/m/n/8 For ex-am-ple the fol-low-ing web-pages []$\OT1/cmtt/m/n/8
 http : / / www . examplewebsite . co . uk / webpage1$[] \OT1/cmr/m/n/8 and []$
\OT1/cmtt/m/n/8 http : / / www .
 []


Overfull \vbox (2.65002pt too high) has occurred while \output is active []

[8] [9pdfTeX warning (ext4): destination with the same identifier (name{table.1
}) has been already used, duplicate ignored

\AtBegShi@Output ...ipout \box \AtBeginShipoutBox 
                                                  \fi \fi 
l.642 
      ]
<figures/flow_maps.png, id=484, 505.89pt x 505.89pt>
File: figures/flow_maps.png Graphic file (type png)
<use figures/flow_maps.png>
Package pdftex.def Info: figures/flow_maps.png  used on input line 706.
(pdftex.def)             Requested size: 408.0pt x 408.00865pt.
[10pdfTeX warning (ext4): destination with the same identifier (name{table.2}) 
has been already used, duplicate ignored

\AtBegShi@Output ...ipout \box \AtBeginShipoutBox 
                                                  \fi \fi 
l.719 
      ] [11pdfTeX warning (ext4): destination with the same identifier (name{fi
gure.1}) has been already used, duplicate ignored

\AtBegShi@Output ...ipout \box \AtBeginShipoutBox 
                                                  \fi \fi 
l.719 
       <./figures/flow_maps.png (PNG copy)>]
<hl_files/figure-latex/unnamed-chunk-3-1.pdf, id=505, 469.755pt x 325.215pt>
File: hl_files/figure-latex/unnamed-chunk-3-1.pdf Graphic file (type pdf)
<use hl_files/figure-latex/unnamed-chunk-3-1.pdf>
Package pdftex.def Info: hl_files/figure-latex/unnamed-chunk-3-1.pdf  used on i
nput line 721.
(pdftex.def)             Requested size: 408.0pt x 282.46333pt.

Underfull \hbox (badness 1033) in paragraph at lines 741--753
[]\OT1/cmr/m/n/10.95 Articles at-tempted to es-ti-mate sub-na-tional/national t
rade flows from a na-
 []

<hl_files/figure-latex/unnamed-chunk-7-1.pdf, id=513, 469.755pt x 325.215pt>
File: hl_files/figure-latex/unnamed-chunk-7-1.pdf Graphic file (type pdf)
<use hl_files/figure-latex/unnamed-chunk-7-1.pdf>
Package pdftex.def Info: hl_files/figure-latex/unnamed-chunk-7-1.pdf  used on i
nput line 777.
(pdftex.def)             Requested size: 408.0pt x 282.46333pt.
[12pdfTeX warning (ext4): destination with the same identifier (name{table.3}) 
has been already used, duplicate ignored

\AtBegShi@Output ...ipout \box \AtBeginShipoutBox 
                                                  \fi \fi 
l.802 
      ] [13pdfTeX warning (ext4): destination with the same identifier (name{fi
gure.2}) has been already used, duplicate ignored

\AtBegShi@Output ...ipout \box \AtBeginShipoutBox 
                                                  \fi \fi 
l.802 
      pdfTeX warning (ext4): destination with the same identifier (name{figure.
3}) has been already used, duplicate ignored

\AtBegShi@Output ...ipout \box \AtBeginShipoutBox 
                                                  \fi \fi 
l.802 
       <./hl_files/figure-latex/unnamed-chunk-3-1.pdf> <./hl_files/figure-latex
/unnamed-chunk-7-1.pdf>]
<figures/sector_rsquared.png, id=543, 505.89pt x 505.89pt>
File: figures/sector_rsquared.png Graphic file (type png)
<use figures/sector_rsquared.png>
Package pdftex.def Info: figures/sector_rsquared.png  used on input line 804.
(pdftex.def)             Requested size: 408.0pt x 408.00865pt.
<hl_files/figure-latex/unnamed-chunk-11-1.pdf, id=552, 469.755pt x 325.215pt>
File: hl_files/figure-latex/unnamed-chunk-11-1.pdf Graphic file (type pdf)
<use hl_files/figure-latex/unnamed-chunk-11-1.pdf>
Package pdftex.def Info: hl_files/figure-latex/unnamed-chunk-11-1.pdf  used on 
input line 832.
(pdftex.def)             Requested size: 408.0pt x 282.46333pt.
<hl_files/figure-latex/unnamed-chunk-13-1.pdf, id=556, 469.755pt x 325.215pt>
File: hl_files/figure-latex/unnamed-chunk-13-1.pdf Graphic file (type pdf)
<use hl_files/figure-latex/unnamed-chunk-13-1.pdf>
Package pdftex.def Info: hl_files/figure-latex/unnamed-chunk-13-1.pdf  used on 
input line 876.
(pdftex.def)             Requested size: 408.0pt x 282.46333pt.
[14pdfTeX warning (ext4): destination with the same identifier (name{table.4}) 
has been already used, duplicate ignored

\AtBegShi@Output ...ipout \box \AtBeginShipoutBox 
                                                  \fi \fi 
l.897 
      ] [15pdfTeX warning (ext4): destination with the same identifier (name{fi
gure.4}) has been already used, duplicate ignored

\AtBegShi@Output ...ipout \box \AtBeginShipoutBox 
                                                  \fi \fi 
l.897 
       <./figures/sector_rsquared.png (PNG copy)>] [16pdfTeX warning (ext4): de
stination with the same identifier (name{figure.5}) has been already used, dupl
icate ignored

\AtBegShi@Output ...ipout \box \AtBeginShipoutBox 
                                                  \fi \fi 
l.897 
      pdfTeX warning (ext4): destination with the same identifier (name{figure.
6}) has been already used, duplicate ignored

\AtBegShi@Output ...ipout \box \AtBeginShipoutBox 
                                                  \fi \fi 
l.897 
       <./hl_files/figure-latex/unnamed-chunk-11-1.pdf> <./hl_files/figure-late
x/unnamed-chunk-13-1.pdf>]
<figures/Predictions.png, id=584, 505.89pt x 505.89pt>
File: figures/Predictions.png Graphic file (type png)
<use figures/Predictions.png>
Package pdftex.def Info: figures/Predictions.png  used on input line 920.
(pdftex.def)             Requested size: 408.0pt x 408.00865pt.
[17] [18pdfTeX warning (ext4): destination with the same identifier (name{figur
e.7}) has been already used, duplicate ignored

\AtBegShi@Output ...ipout \box \AtBeginShipoutBox 
                                                  \fi \fi 
l.955 
       <./figures/Predictions.png (PNG copy)>] (hl.bbl [19] [20] [21] [22]
Underfull \hbox (badness 1286) in paragraph at lines 470--473
[]\OT1/cmr/m/n/10 Thelwall, Mike, Li-wen Vaughan, and Lennart Bjorneborn. 2005
. ``We-bo-met-rics.'' \OT1/cmr/m/it/10 An-
 []

[23])
Package atveryend Info: Empty hook `BeforeClearDocument' on input line 975.
[24]
Package atveryend Info: Empty hook `AfterLastShipout' on input line 975.
(hl.aux)
Package atveryend Info: Executing hook `AtVeryEndDocument' on input line 975.
Package atveryend Info: Executing hook `AtEndAfterFileList' on input line 975.
Package rerunfilecheck Info: File `hl.out' has not changed.
(rerunfilecheck)             Checksum: 90D0241DE87B6A17339F0C62B56B1AED;386.

LaTeX Font Warning: Size substitutions with differences
(Font)              up to 1.0pt have occurred.


LaTeX Warning: There were multiply-defined labels.

Package atveryend Info: Empty hook `AtVeryVeryEnd' on input line 975.
 ) 
Here is how much of TeX's memory you used:
 10293 strings out of 481181
 155507 string characters out of 2903886
 439405 words of memory out of 3000000
 25482 multiletter control sequences out of 15000+200000
 547252 words of font info for 77 fonts, out of 3000000 for 9000
 1141 hyphenation exceptions out of 8191
 52i,12n,41p,492b,631s stack positions out of 5000i,500n,10000p,200000b,50000s
<C:/Users/nw19521/AppData/Local/Programs/MiKTeX/fonts/type1/public/amsfonts/c
m/cmbx10.pfb><C:/Users/nw19521/AppData/Local/Programs/MiKTeX/fonts/type1/public
/amsfonts/cm/cmbx12.pfb><C:/Users/nw19521/AppData/Local/Programs/MiKTeX/fonts/t
ype1/public/amsfonts/cm/cmbx8.pfb><C:/Users/nw19521/AppData/Local/Programs/MiKT
eX/fonts/type1/public/amsfonts/cm/cmbx9.pfb><C:/Users/nw19521/AppData/Local/Pro
grams/MiKTeX/fonts/type1/public/amsfonts/cm/cmex10.pfb><C:/Users/nw19521/AppDat
a/Local/Programs/MiKTeX/fonts/type1/public/amsfonts/cm/cmmi10.pfb><C:/Users/nw1
9521/AppData/Local/Programs/MiKTeX/fonts/type1/public/amsfonts/cm/cmmi7.pfb><C:
/Users/nw19521/AppData/Local/Programs/MiKTeX/fonts/type1/public/amsfonts/cm/cmm
i8.pfb><C:/Users/nw19521/AppData/Local/Programs/MiKTeX/fonts/type1/public/amsfo
nts/cm/cmr10.pfb><C:/Users/nw19521/AppData/Local/Programs/MiKTeX/fonts/type1/pu
blic/amsfonts/cm/cmr6.pfb><C:/Users/nw19521/AppData/Local/Programs/MiKTeX/fonts
/type1/public/amsfonts/cm/cmr8.pfb><C:/Users/nw19521/AppData/Local/Programs/MiK
TeX/fonts/type1/public/amsfonts/cm/cmr9.pfb><C:/Users/nw19521/AppData/Local/Pro
grams/MiKTeX/fonts/type1/public/amsfonts/cm/cmsy10.pfb><C:/Users/nw19521/AppDat
a/Local/Programs/MiKTeX/fonts/type1/public/amsfonts/cm/cmsy7.pfb><C:/Users/nw19
521/AppData/Local/Programs/MiKTeX/fonts/type1/public/amsfonts/cm/cmsy8.pfb><C:/
Users/nw19521/AppData/Local/Programs/MiKTeX/fonts/type1/public/amsfonts/cm/cmti
10.pfb><C:/Users/nw19521/AppData/Local/Programs/MiKTeX/fonts/type1/public/amsfo
nts/cm/cmtt10.pfb><C:/Users/nw19521/AppData/Local/Programs/MiKTeX/fonts/type1/p
ublic/amsfonts/cm/cmtt8.pfb>
Output written on hl.pdf (24 pages, 3465517 bytes).
PDF statistics:
 722 PDF objects out of 1000 (max. 8388607)
 170 named destinations out of 1000 (max. 500000)
 92 words of extra memory for PDF output out of 10000 (max. 10000000)

